Using pre-set license
Built from '2023.1/release' branch; Version is '2023.1.4f1 (611a2ee54063) revision 6363694'; Using compiler version '192829333'; Build Type 'Release'
OS: 'Windows 11  (10.0.22621) 64bit Core' Language: 'en' Physical Memory: 16108 MB
BatchMode: 1, IsHumanControllingUs: 0, StartBugReporterOnCrash: 0, Is64bit: 1, IsPro: 1

COMMAND LINE ARGUMENTS:
C:\Users\Jet Wei\Documents\Jetwei\Jetwei SUTD softwares\(software) Unity\Unity 2023.1.4f1\Editor\Unity.exe
-adb2
-batchMode
-noUpm
-name
AssetImportWorker0
-projectPath
C:/Users/Jet Wei/Downloads/19.-2D-Unity-Game-main/19.-2D-Unity-Game-main
-logFile
Logs/AssetImportWorker0.log
-srvPort
49279
Successfully changed project path to: C:/Users/Jet Wei/Downloads/19.-2D-Unity-Game-main/19.-2D-Unity-Game-main
C:/Users/Jet Wei/Downloads/19.-2D-Unity-Game-main/19.-2D-Unity-Game-main
[UnityMemory] Configuration Parameters - Can be set up in boot.config
    "memorysetup-bucket-allocator-granularity=16"
    "memorysetup-bucket-allocator-bucket-count=8"
    "memorysetup-bucket-allocator-block-size=33554432"
    "memorysetup-bucket-allocator-block-count=8"
    "memorysetup-main-allocator-block-size=16777216"
    "memorysetup-thread-allocator-block-size=16777216"
    "memorysetup-gfx-main-allocator-block-size=16777216"
    "memorysetup-gfx-thread-allocator-block-size=16777216"
    "memorysetup-cache-allocator-block-size=4194304"
    "memorysetup-typetree-allocator-block-size=2097152"
    "memorysetup-profiler-bucket-allocator-granularity=16"
    "memorysetup-profiler-bucket-allocator-bucket-count=8"
    "memorysetup-profiler-bucket-allocator-block-size=33554432"
    "memorysetup-profiler-bucket-allocator-block-count=8"
    "memorysetup-profiler-allocator-block-size=16777216"
    "memorysetup-profiler-editor-allocator-block-size=1048576"
    "memorysetup-temp-allocator-size-main=16777216"
    "memorysetup-job-temp-allocator-block-size=2097152"
    "memorysetup-job-temp-allocator-block-size-background=1048576"
    "memorysetup-job-temp-allocator-reduction-small-platforms=262144"
    "memorysetup-allocator-temp-initial-block-size-main=262144"
    "memorysetup-allocator-temp-initial-block-size-worker=262144"
    "memorysetup-temp-allocator-size-background-worker=32768"
    "memorysetup-temp-allocator-size-job-worker=262144"
    "memorysetup-temp-allocator-size-preload-manager=33554432"
    "memorysetup-temp-allocator-size-nav-mesh-worker=65536"
    "memorysetup-temp-allocator-size-audio-worker=65536"
    "memorysetup-temp-allocator-size-cloud-worker=32768"
    "memorysetup-temp-allocator-size-gi-baking-worker=262144"
    "memorysetup-temp-allocator-size-gfx=262144"
Player connection [8452] Host "[IP] 192.168.1.17 [Port] 0 [Flags] 2 [Guid] 2394081581 [EditorId] 2394081581 [Version] 1048832 [Id] WindowsEditor(7,LAPTOP-L5TQP3LB) [Debug] 1 [PackageName] WindowsEditor [ProjectName] Editor" joined multi-casting on [225.0.0.222:54997]...

Player connection [8452] Host "[IP] 192.168.1.17 [Port] 0 [Flags] 2 [Guid] 2394081581 [EditorId] 2394081581 [Version] 1048832 [Id] WindowsEditor(7,LAPTOP-L5TQP3LB) [Debug] 1 [PackageName] WindowsEditor [ProjectName] Editor" joined alternative multi-casting on [225.0.0.222:34997]...

Library Redirect Path: Library/Refreshing native plugins compatible for Editor in 21.54 ms, found 4 plugins.
Preloading 0 native plugins for Editor in 0.00 ms.
Initialize engine version: 2023.1.4f1 (611a2ee54063)
[Subsystems] Discovering subsystems at path C:/Users/Jet Wei/Documents/Jetwei/Jetwei SUTD softwares/(software) Unity/Unity 2023.1.4f1/Editor/Data/Resources/UnitySubsystems
[Subsystems] Discovering subsystems at path C:/Users/Jet Wei/Downloads/19.-2D-Unity-Game-main/19.-2D-Unity-Game-main/Assets
GfxDevice: creating device client; threaded=0; jobified=0
Direct3D:
    Version:  Direct3D 11.0 [level 11.1]
    Renderer: Intel(R) Iris(R) Xe Graphics (ID=0x46a8)
    Vendor:   Intel
    VRAM:     8054 MB
    Driver:   31.0.101.4502
Initialize mono
Mono path[0] = 'C:/Users/Jet Wei/Documents/Jetwei/Jetwei SUTD softwares/(software) Unity/Unity 2023.1.4f1/Editor/Data/Managed'
Mono path[1] = 'C:/Users/Jet Wei/Documents/Jetwei/Jetwei SUTD softwares/(software) Unity/Unity 2023.1.4f1/Editor/Data/MonoBleedingEdge/lib/mono/unityjit-win32'
Mono config path = 'C:/Users/Jet Wei/Documents/Jetwei/Jetwei SUTD softwares/(software) Unity/Unity 2023.1.4f1/Editor/Data/MonoBleedingEdge/etc'
Using monoOptions --debugger-agent=transport=dt_socket,embedding=1,server=y,suspend=n,address=127.0.0.1:56468
Begin MonoManager ReloadAssembly
C:\build\output\Unity-Technologies\mono\mono\metadata\icall.c:1842:
C:\build\output\Unity-Technologies\mono\mono\metadata\icall.c:1842:
C:\build\output\Unity-Technologies\mono\mono\metadata\icall.c:1842:
C:\build\output\Unity-Technologies\mono\mono\metadata\icall.c:1842:
C:\build\output\Unity-Technologies\mono\mono\metadata\icall.c:1842:
C:\build\output\Unity-Technologies\mono\mono\metadata\icall.c:1842:
C:\build\output\Unity-Technologies\mono\mono\metadata\icall.c:1842:
C:\build\output\Unity-Technologies\mono\mono\metadata\icall.c:1842:
C:\build\output\Unity-Technologies\mono\mono\metadata\icall.c:1842:
C:\build\output\Unity-Technologies\mono\mono\metadata\icall.c:1842:
Registering precompiled unity dll's ...
Register platform support module: C:/Users/Jet Wei/Documents/Jetwei/Jetwei SUTD softwares/(software) Unity/Unity 2023.1.4f1/Editor/Data/PlaybackEngines/WindowsStandaloneSupport/UnityEditor.WindowsStandalone.Extensions.dll
Registered in 0.006963 seconds.
- Loaded All Assemblies, in  0.606 seconds
Native extension for WindowsStandalone target not found
Mono: successfully reloaded assembly
C:\build\output\Unity-Technologies\mono\mono\metadata\icall.c:1842:
C:\build\output\Unity-Technologies\mono\mono\metadata\icall.c:1842:
- Finished resetting the current domain, in  0.499 seconds
Domain Reload Profiling: 1100ms
	BeginReloadAssembly (191ms)
		ExecutionOrderSort (0ms)
		DisableScriptedObjects (0ms)
		BackupInstance (0ms)
		ReleaseScriptingObjects (0ms)
		CreateAndSetChildDomain (2ms)
	RebuildCommonClasses (76ms)
	RebuildNativeTypeToScriptingClass (18ms)
	initialDomainReloadingComplete (89ms)
	LoadAllAssembliesAndSetupDomain (225ms)
		LoadAssemblies (184ms)
		RebuildTransferFunctionScriptingTraits (0ms)
		AnalyzeDomain (215ms)
			TypeCache.Refresh (213ms)
				TypeCache.ScanAssembly (196ms)
			ScanForSourceGeneratedMonoScriptInfo (1ms)
			ResolveRequiredComponents (1ms)
	FinalizeReload (500ms)
		ReleaseScriptCaches (0ms)
		RebuildScriptCaches (0ms)
		SetupLoadedEditorAssemblies (436ms)
			LogAssemblyErrors (0ms)
			InitializePlatformSupportModulesInManaged (12ms)
			SetLoadedEditorAssemblies (6ms)
			BeforeProcessingInitializeOnLoad (11ms)
			ProcessInitializeOnLoadAttributes (322ms)
			ProcessInitializeOnLoadMethodAttributes (84ms)
			AfterProcessingInitializeOnLoad (0ms)
			EditorAssembliesLoaded (0ms)
		ExecutionOrderSort2 (0ms)
		AwakeInstancesAfterBackupRestoration (0ms)
========================================================================
Worker process is ready to serve import requests
Import Worker Mode flag is 0x00
Begin MonoManager ReloadAssembly
C:\build\output\Unity-Technologies\mono\mono\metadata\icall.c:1842:
C:\build\output\Unity-Technologies\mono\mono\metadata\icall.c:1842:
C:\build\output\Unity-Technologies\mono\mono\metadata\icall.c:1842:
C:\build\output\Unity-Technologies\mono\mono\metadata\icall.c:1842:
C:\build\output\Unity-Technologies\mono\mono\metadata\icall.c:1842:
C:\build\output\Unity-Technologies\mono\mono\metadata\icall.c:1842:
C:\build\output\Unity-Technologies\mono\mono\metadata\icall.c:1842:
C:\build\output\Unity-Technologies\mono\mono\metadata\icall.c:1842:
C:\build\output\Unity-Technologies\mono\mono\metadata\icall.c:1842:
C:\build\output\Unity-Technologies\mono\mono\metadata\icall.c:1842:
C:\build\output\Unity-Technologies\mono\mono\metadata\icall.c:1842:
C:\build\output\Unity-Technologies\mono\mono\metadata\icall.c:1842:
Symbol file LoadedFromMemory doesn't match image C:\Users\Jet Wei\Downloads\19.-2D-Unity-Game-main\19.-2D-Unity-Game-main\Library\PackageCache\com.unity.visualscripting@1.8.0\Editor\VisualScripting.Core\Dependencies\YamlDotNet\Unity.VisualScripting.YamlDotNet.dll
Symbol file LoadedFromMemory doesn't match image C:\Users\Jet Wei\Downloads\19.-2D-Unity-Game-main\19.-2D-Unity-Game-main\Library\PackageCache\com.unity.visualscripting@1.8.0\Editor\VisualScripting.Core\Dependencies\DotNetZip\Unity.VisualScripting.IonicZip.dll
- Loaded All Assemblies, in  1.670 seconds
Refreshing native plugins compatible for Editor in 8.94 ms, found 4 plugins.
Native extension for WindowsStandalone target not found
Mono: successfully reloaded assembly
- Finished resetting the current domain, in  1.235 seconds
Domain Reload Profiling: 2899ms
	BeginReloadAssembly (486ms)
		ExecutionOrderSort (0ms)
		DisableScriptedObjects (9ms)
		BackupInstance (0ms)
		ReleaseScriptingObjects (0ms)
		CreateAndSetChildDomain (40ms)
	RebuildCommonClasses (58ms)
	RebuildNativeTypeToScriptingClass (20ms)
	initialDomainReloadingComplete (63ms)
	LoadAllAssembliesAndSetupDomain (1035ms)
		LoadAssemblies (690ms)
		RebuildTransferFunctionScriptingTraits (0ms)
		AnalyzeDomain (512ms)
			TypeCache.Refresh (464ms)
				TypeCache.ScanAssembly (445ms)
			ScanForSourceGeneratedMonoScriptInfo (34ms)
			ResolveRequiredComponents (13ms)
	FinalizeReload (1236ms)
		ReleaseScriptCaches (0ms)
		RebuildScriptCaches (0ms)
		SetupLoadedEditorAssemblies (857ms)
			LogAssemblyErrors (0ms)
			InitializePlatformSupportModulesInManaged (19ms)
			SetLoadedEditorAssemblies (7ms)
			BeforeProcessingInitializeOnLoad (210ms)
			ProcessInitializeOnLoadAttributes (477ms)
			ProcessInitializeOnLoadMethodAttributes (122ms)
			AfterProcessingInitializeOnLoad (22ms)
			EditorAssembliesLoaded (0ms)
		ExecutionOrderSort2 (0ms)
		AwakeInstancesAfterBackupRestoration (14ms)
Launched and connected shader compiler UnityShaderCompiler.exe after 0.09 seconds
Refreshing native plugins compatible for Editor in 7.31 ms, found 4 plugins.
Preloading 0 native plugins for Editor in 0.00 ms.
Unloading 4107 Unused Serialized files (Serialized files now loaded: 0)
Unloading 63 unused Assets / (56.6 KB). Loaded Objects now: 4645.
Memory consumption went from 147.4 MB to 147.4 MB.
Total: 6.960000 ms (FindLiveObjects: 0.425600 ms CreateObjectMapping: 0.128000 ms MarkObjects: 6.192500 ms  DeleteObjects: 0.209900 ms)

AssetImportParameters requested are different than current active one (requested -> active):
  custom:video-decoder-webm-vp8: 9c59270c3fd7afecdb556c50c9e8de78 -> 
  custom:audio-encoder-webm-vorbis: bf7c407c2cedff20999df2af8eb42d56 -> 
  custom:AudioImporter_EditorPlatform: d09bf68614088b80899f8185d706f6e7 -> 
  custom:audio-decoder-ogg-vorbis: bf7c407c2cedff20999df2af8eb42d56 -> 
  custom:video-encoder-webm-vp8: eb34c28f22e8b96e1ab97ce403110664 -> 
  custom:container-demuxer-ogg: 62fdf1f143b41e24485cea50d1cbac27 -> 
  custom:framework-win-MediaFoundation: 216162199b28c13a410421893ffa2e32 -> 
  custom:video-decoder-ogg-theora: a1e56fd34408186e4bbccfd4996cb3dc -> 
  custom:container-muxer-webm: aa71ff27fc2769a1b78a27578f13a17b -> 
  custom:video-codec-MediaFoundation-h265: 746d11721c4dcdbdad8f713fa42b33f4 -> 
  custom:container-demuxer-webm: 4f35f7cbe854078d1ac9338744f61a02 -> 
========================================================================
Received Import Request.
  Time since last request: 301737.613045 seconds.
  path: Assets/Sprites/arrow_sprite.png
  artifactKey: Guid(2bd4164bc8da99d4f85755433adc6846) Importer(815301076,1909f56bfc062723c751e8b465ee728b)
Start importing Assets/Sprites/arrow_sprite.png using Guid(2bd4164bc8da99d4f85755433adc6846) Importer(815301076,1909f56bfc062723c751e8b465ee728b)  -> (artifact id: '08db57e2071b45e1b6a8f0becf82ab58') in 0.117932 seconds
Number of updated asset objects reloaded before import = 0
Number of asset objects unloaded after import = 3
========================================================================
Received Import Request.
  Time since last request: 0.000031 seconds.
  path: Assets/Sprites/arrow_sprite_0.prefab
  artifactKey: Guid(d8763f236fc73c24fab99ca26da1a6cb) Importer(815301076,1909f56bfc062723c751e8b465ee728b)
Start importing Assets/Sprites/arrow_sprite_0.prefab using Guid(d8763f236fc73c24fab99ca26da1a6cb) Importer(815301076,1909f56bfc062723c751e8b465ee728b)  -> (artifact id: '5492840864a873c5fd12cca7f0bca8b4') in 0.109302 seconds
Number of updated asset objects reloaded before import = 0
Number of asset objects unloaded after import = 7
========================================================================
Received Import Request.
  Time since last request: 0.000031 seconds.
  path: Assets/Sprites/Cloud.png
  artifactKey: Guid(2142046ab6e2e41428f9dde3f35cacd2) Importer(815301076,1909f56bfc062723c751e8b465ee728b)
Start importing Assets/Sprites/Cloud.png using Guid(2142046ab6e2e41428f9dde3f35cacd2) Importer(815301076,1909f56bfc062723c751e8b465ee728b)  -> (artifact id: '7a78fce44be477d4945fb10da3489715') in 0.023994 seconds
Number of updated asset objects reloaded before import = 0
Number of asset objects unloaded after import = 3
========================================================================
Received Import Request.
  Time since last request: 0.000037 seconds.
  path: Assets/Music/For Safehouse (Ambient Piano).mp3
  artifactKey: Guid(156f467541165d9498a1c00a03b86af7) Importer(815301076,1909f56bfc062723c751e8b465ee728b)
Start importing Assets/Music/For Safehouse (Ambient Piano).mp3 using Guid(156f467541165d9498a1c00a03b86af7) Importer(815301076,1909f56bfc062723c751e8b465ee728b)  -> (artifact id: 'ed995394d18395e7ca35e4d449e93759') in 0.046050 seconds
Number of updated asset objects reloaded before import = 0
Number of asset objects unloaded after import = 2
========================================================================
Received Import Request.
  Time since last request: 0.000043 seconds.
  path: Assets/Sprites/chiefdialogueSix.png
  artifactKey: Guid(5c436fb8258ec1948a44458703c5f105) Importer(815301076,1909f56bfc062723c751e8b465ee728b)
Start importing Assets/Sprites/chiefdialogueSix.png using Guid(5c436fb8258ec1948a44458703c5f105) Importer(815301076,1909f56bfc062723c751e8b465ee728b)  -> (artifact id: 'b9073291de30b87748a2409f22e20b87') in 0.019961 seconds
Number of updated asset objects reloaded before import = 0
Number of asset objects unloaded after import = 3
========================================================================
Received Import Request.
  Time since last request: 0.000022 seconds.
  path: Assets/Sprites/game_over_text.png
  artifactKey: Guid(f1e7861a23d3fa7438502ea002acad05) Importer(815301076,1909f56bfc062723c751e8b465ee728b)
Start importing Assets/Sprites/game_over_text.png using Guid(f1e7861a23d3fa7438502ea002acad05) Importer(815301076,1909f56bfc062723c751e8b465ee728b)  -> (artifact id: '0963fe0a0c4204c50f04f15a887f47f1') in 0.022245 seconds
Number of updated asset objects reloaded before import = 0
Number of asset objects unloaded after import = 3
========================================================================
Received Import Request.
  Time since last request: 0.000060 seconds.
  path: Assets/Sprites/blue house.png
  artifactKey: Guid(68d4d1daf0b062a469e169de22c8c9da) Importer(815301076,1909f56bfc062723c751e8b465ee728b)
Start importing Assets/Sprites/blue house.png using Guid(68d4d1daf0b062a469e169de22c8c9da) Importer(815301076,1909f56bfc062723c751e8b465ee728b)  -> (artifact id: 'de15e0c268176d5593d2da7ab8da9d80') in 0.018044 seconds
Number of updated asset objects reloaded before import = 0
Number of asset objects unloaded after import = 3
========================================================================
Received Import Request.
  Time since last request: 0.000033 seconds.
  path: Packages/com.unity.2d.spriteshape/Editor/ObjectMenuCreation/DefaultAssets/Sprite Shapes/Closed Sprite Shape.prefab
  artifactKey: Guid(c0583b4e855c74b8c82e7b9b5efb5ce9) Importer(815301076,1909f56bfc062723c751e8b465ee728b)
Start importing Packages/com.unity.2d.spriteshape/Editor/ObjectMenuCreation/DefaultAssets/Sprite Shapes/Closed Sprite Shape.prefab using Guid(c0583b4e855c74b8c82e7b9b5efb5ce9) Importer(815301076,1909f56bfc062723c751e8b465ee728b)  -> (artifact id: '94cdb738043a0b4377a73ee26883f076') in 0.028075 seconds
Number of updated asset objects reloaded before import = 0
Number of asset objects unloaded after import = 14
========================================================================
Received Import Request.
  Time since last request: 0.000041 seconds.
  path: Packages/com.unity.2d.psdimporter/Editor/Assets/root-green.mat
  artifactKey: Guid(bc6da4580f5514e458fe5def87e138be) Importer(815301076,1909f56bfc062723c751e8b465ee728b)
Start importing Packages/com.unity.2d.psdimporter/Editor/Assets/root-green.mat using Guid(bc6da4580f5514e458fe5def87e138be) Importer(815301076,1909f56bfc062723c751e8b465ee728b)  -> (artifact id: '0a7a0216aa586178541e91a3d98219f5') in 0.123076 seconds
Number of updated asset objects reloaded before import = 0
Number of asset objects unloaded after import = 1
========================================================================
Received Import Request.
  Time since last request: 0.000044 seconds.
  path: Assets/Sprites/chiefdialogueThree.png
  artifactKey: Guid(adb9af0b434d9d8448da28792a3aeae3) Importer(815301076,1909f56bfc062723c751e8b465ee728b)
Start importing Assets/Sprites/chiefdialogueThree.png using Guid(adb9af0b434d9d8448da28792a3aeae3) Importer(815301076,1909f56bfc062723c751e8b465ee728b)  -> (artifact id: '57d008cd78ec8b179c4bde527c02d2c6') in 0.019782 seconds
Number of updated asset objects reloaded before import = 0
Number of asset objects unloaded after import = 3
========================================================================
Received Import Request.
  Time since last request: 0.000042 seconds.
  path: Assets/Sprites/chiefdialogueOne.png
  artifactKey: Guid(04f16b49d81742a41b983c2825cad77b) Importer(815301076,1909f56bfc062723c751e8b465ee728b)
Start importing Assets/Sprites/chiefdialogueOne.png using Guid(04f16b49d81742a41b983c2825cad77b) Importer(815301076,1909f56bfc062723c751e8b465ee728b)  -> (artifact id: '9089f76ca3131e2a1a33a1fe6abf11b5') in 0.024576 seconds
Number of updated asset objects reloaded before import = 0
Number of asset objects unloaded after import = 3
========================================================================
Received Import Request.
  Time since last request: 0.000061 seconds.
  path: Assets/Sprites/grass sprite.png
  artifactKey: Guid(553b1fda63d0c8345a8248e6643248cd) Importer(815301076,1909f56bfc062723c751e8b465ee728b)
Start importing Assets/Sprites/grass sprite.png using Guid(553b1fda63d0c8345a8248e6643248cd) Importer(815301076,1909f56bfc062723c751e8b465ee728b)  -> (artifact id: 'a1f4cb00daeef16877610ebf01ec47ee') in 0.035602 seconds
Number of updated asset objects reloaded before import = 0
Number of asset objects unloaded after import = 3
========================================================================
Received Import Request.
  Time since last request: 0.000191 seconds.
  path: Assets/Sprites/dialogueOne_text.png
  artifactKey: Guid(795fd2f69c516e741833e684879c5e3c) Importer(815301076,1909f56bfc062723c751e8b465ee728b)
Start importing Assets/Sprites/dialogueOne_text.png using Guid(795fd2f69c516e741833e684879c5e3c) Importer(815301076,1909f56bfc062723c751e8b465ee728b)  -> (artifact id: '652bff1e68b1f18e13751ca806a51bcf') in 0.025334 seconds
Number of updated asset objects reloaded before import = 0
Number of asset objects unloaded after import = 3
========================================================================
Received Import Request.
  Time since last request: 0.000025 seconds.
  path: Assets/Sprites/dialogueTwo_text.png
  artifactKey: Guid(284c4ac4e5a140449bbdc02567d83c50) Importer(815301076,1909f56bfc062723c751e8b465ee728b)
Start importing Assets/Sprites/dialogueTwo_text.png using Guid(284c4ac4e5a140449bbdc02567d83c50) Importer(815301076,1909f56bfc062723c751e8b465ee728b)  -> (artifact id: '01af0cc6f6d24dcb1f2bcd053b1cabdc') in 0.021659 seconds
Number of updated asset objects reloaded before import = 0
Number of asset objects unloaded after import = 3
========================================================================
Received Import Request.
  Time since last request: 0.000028 seconds.
  path: Assets/Sprites/Ground tile.png
  artifactKey: Guid(d1b52a6bd8c56684190b613ce6d16e81) Importer(815301076,1909f56bfc062723c751e8b465ee728b)
Start importing Assets/Sprites/Ground tile.png using Guid(d1b52a6bd8c56684190b613ce6d16e81) Importer(815301076,1909f56bfc062723c751e8b465ee728b)  -> (artifact id: 'de986541c307dea608c094e9fe3b64d0') in 0.025747 seconds
Number of updated asset objects reloaded before import = 0
Number of asset objects unloaded after import = 3
========================================================================
Received Import Request.
  Time since last request: 0.000206 seconds.
  path: Assets/Sprites/congrats_game_over_text.png
  artifactKey: Guid(d6287fcc5a66cbd4d9478c17ed08d943) Importer(815301076,1909f56bfc062723c751e8b465ee728b)
Start importing Assets/Sprites/congrats_game_over_text.png using Guid(d6287fcc5a66cbd4d9478c17ed08d943) Importer(815301076,1909f56bfc062723c751e8b465ee728b)  -> (artifact id: '00dcf3c7c6360b2b6d63fccf8460e7fb') in 0.016965 seconds
Number of updated asset objects reloaded before import = 0
Number of asset objects unloaded after import = 3
========================================================================
Received Import Request.
  Time since last request: 0.000052 seconds.
  path: Assets/Sprites/castle entrance sprite.png
  artifactKey: Guid(90a8b0ec267ef474287958608fda311b) Importer(815301076,1909f56bfc062723c751e8b465ee728b)
Start importing Assets/Sprites/castle entrance sprite.png using Guid(90a8b0ec267ef474287958608fda311b) Importer(815301076,1909f56bfc062723c751e8b465ee728b)  -> (artifact id: '250f609cf8f0678da1600b1cdf24b2bd') in 0.020403 seconds
Number of updated asset objects reloaded before import = 0
Number of asset objects unloaded after import = 3
========================================================================
Received Import Request.
  Time since last request: 0.000162 seconds.
  path: Assets/Sprites/hitpoints_0_text.png
  artifactKey: Guid(2bd06220cccbd3d4d8675e3dba0d0a08) Importer(815301076,1909f56bfc062723c751e8b465ee728b)
Start importing Assets/Sprites/hitpoints_0_text.png using Guid(2bd06220cccbd3d4d8675e3dba0d0a08) Importer(815301076,1909f56bfc062723c751e8b465ee728b)  -> (artifact id: '7f1bd9eeb5af33a397f9536f710c720f') in 0.022071 seconds
Number of updated asset objects reloaded before import = 0
Number of asset objects unloaded after import = 3
========================================================================
Received Import Request.
  Time since last request: 0.000031 seconds.
  path: Assets/Sprites/grey bird.png
  artifactKey: Guid(067675f58d8941d4c84d84e5cb2953af) Importer(815301076,1909f56bfc062723c751e8b465ee728b)
Start importing Assets/Sprites/grey bird.png using Guid(067675f58d8941d4c84d84e5cb2953af) Importer(815301076,1909f56bfc062723c751e8b465ee728b)  -> (artifact id: '031cdf70193befab43dce3d10947b5c1') in 0.022505 seconds
Number of updated asset objects reloaded before import = 0
Number of asset objects unloaded after import = 3
========================================================================
Received Import Request.
  Time since last request: 0.000168 seconds.
  path: Assets/Sprites/chiefdialogueTwo.png
  artifactKey: Guid(6d54fa2ca9f57db42934554babdb6e61) Importer(815301076,1909f56bfc062723c751e8b465ee728b)
Start importing Assets/Sprites/chiefdialogueTwo.png using Guid(6d54fa2ca9f57db42934554babdb6e61) Importer(815301076,1909f56bfc062723c751e8b465ee728b)  -> (artifact id: '2b2f306c986fce6fbaef509735e8b522') in 0.015366 seconds
Number of updated asset objects reloaded before import = 0
Number of asset objects unloaded after import = 3
========================================================================
Received Import Request.
  Time since last request: 0.000023 seconds.
  path: Packages/com.unity.2d.psdimporter/Editor/Assets/root-red.mat
  artifactKey: Guid(4459fff084dd84526ab8fd5082d2eacb) Importer(815301076,1909f56bfc062723c751e8b465ee728b)
Start importing Packages/com.unity.2d.psdimporter/Editor/Assets/root-red.mat using Guid(4459fff084dd84526ab8fd5082d2eacb) Importer(815301076,1909f56bfc062723c751e8b465ee728b)  -> (artifact id: 'f90aea2a61a74701d0da98ea3fe0ad36') in 0.013565 seconds
Number of updated asset objects reloaded before import = 0
Number of asset objects unloaded after import = 1
